This file contains any messages produced by compilers while
running configure, to aid debugging if configure makes a mistake.

It was created by GPP configure 2.27, which was
generated by GNU Autoconf 2.69.  Invocation command line was

  $ ./configure 

## --------- ##
## Platform. ##
## --------- ##

hostname = Yan-MateBookX-Xubuntu
uname -m = x86_64
uname -r = 5.4.0-42-generic
uname -s = Linux
uname -v = #46-Ubuntu SMP Fri Jul 10 00:24:02 UTC 2020

/usr/bin/uname -p = x86_64
/bin/uname -X     = unknown

/bin/arch              = x86_64
/usr/bin/arch -k       = unknown
/usr/convex/getsysinfo = unknown
/usr/bin/hostinfo      = unknown
/bin/machine           = unknown
/usr/bin/oslevel       = unknown
/bin/universe          = unknown

PATH: /home/yanz/.local/bin
PATH: /usr/local/sbin
PATH: /usr/local/bin
PATH: /usr/sbin
PATH: /usr/bin
PATH: /sbin
PATH: /bin
PATH: /usr/games
PATH: /usr/local/games
PATH: /snap/bin


## ----------- ##
## Core tests. ##
## ----------- ##

configure:2239: checking for a BSD-compatible install
configure:2307: result: /usr/bin/install -c
configure:2318: checking whether build environment is sane
configure:2373: result: yes
configure:2522: checking for a thread-safe mkdir -p
configure:2561: result: /usr/bin/mkdir -p
configure:2568: checking for gawk
configure:2598: result: no
configure:2568: checking for mawk
configure:2584: found /usr/bin/mawk
configure:2595: result: mawk
configure:2606: checking whether make sets $(MAKE)
configure:2628: result: yes
configure:2657: checking whether make supports nested variables
configure:2674: result: yes
configure:2853: checking for gcc
configure:2869: found /usr/bin/gcc
configure:2880: result: gcc
configure:3109: checking for C compiler version
configure:3118: gcc --version >&5
gcc (Ubuntu 9.3.0-10ubuntu2) 9.3.0
Copyright (C) 2019 Free Software Foundation, Inc.
This is free software; see the source for copying conditions.  There is NO
warranty; not even for MERCHANTABILITY or FITNESS FOR A PARTICULAR PURPOSE.

configure:3129: $? = 0
configure:3118: gcc -v >&5
Using built-in specs.
COLLECT_GCC=gcc
COLLECT_LTO_WRAPPER=/usr/lib/gcc/x86_64-linux-gnu/9/lto-wrapper
OFFLOAD_TARGET_NAMES=nvptx-none:hsa
OFFLOAD_TARGET_DEFAULT=1
Target: x86_64-linux-gnu
Configured with: ../src/configure -v --with-pkgversion='Ubuntu 9.3.0-10ubuntu2' --with-bugurl=file:///usr/share/doc/gcc-9/README.Bugs --enable-languages=c,ada,c++,go,brig,d,fortran,objc,obj-c++,gm2 --prefix=/usr --with-gcc-major-version-only --program-suffix=-9 --program-prefix=x86_64-linux-gnu- --enable-shared --enable-linker-build-id --libexecdir=/usr/lib --without-included-gettext --enable-threads=posix --libdir=/usr/lib --enable-nls --enable-clocale=gnu --enable-libstdcxx-debug --enable-libstdcxx-time=yes --with-default-libstdcxx-abi=new --enable-gnu-unique-object --disable-vtable-verify --enable-plugin --enable-default-pie --with-system-zlib --with-target-system-zlib=auto --enable-objc-gc=auto --enable-multiarch --disable-werror --with-arch-32=i686 --with-abi=m64 --with-multilib-list=m32,m64,mx32 --enable-multilib --with-tune=generic --enable-offload-targets=nvptx-none,hsa --without-cuda-driver --enable-checking=release --build=x86_64-linux-gnu --host=x86_64-linux-gnu --target=x86_64-linux-gnu
Thread model: posix
gcc version 9.3.0 (Ubuntu 9.3.0-10ubuntu2) 
configure:3129: $? = 0
configure:3118: gcc -V >&5
gcc: error: unrecognized command line option '-V'
gcc: fatal error: no input files
compilation terminated.
configure:3129: $? = 1
configure:3118: gcc -qversion >&5
gcc: error: unrecognized command line option '-qversion'; did you mean '--version'?
gcc: fatal error: no input files
compilation terminated.
configure:3129: $? = 1
configure:3149: checking whether the C compiler works
configure:3171: gcc    conftest.c  >&5
configure:3175: $? = 0
configure:3223: result: yes
configure:3226: checking for C compiler default output file name
configure:3228: result: a.out
configure:3234: checking for suffix of executables
configure:3241: gcc -o conftest    conftest.c  >&5
configure:3245: $? = 0
configure:3267: result: 
configure:3289: checking whether we are cross compiling
configure:3297: gcc -o conftest    conftest.c  >&5
configure:3301: $? = 0
configure:3308: ./conftest
configure:3312: $? = 0
configure:3300: result: no
configure:3305: checking for suffix of object files
configure:3327: gcc -c   conftest.c >&5
configure:3331: $? = 0
configure:3352: result: o
configure:3356: checking whether we are using the GNU C compiler
configure:3375: gcc -c   conftest.c >&5
configure:3375: $? = 0
configure:3384: result: yes
configure:3393: checking whether gcc accepts -g
configure:3413: gcc -c -g  conftest.c >&5
configure:3413: $? = 0
configure:3454: result: yes
configure:3471: checking for gcc option to accept ISO C89
configure:3534: gcc  -c -g -O2  conftest.c >&5
configure:3534: $? = 0
configure:3547: result: none needed
configure:3572: checking whether gcc understands -c and -o together
configure:3594: gcc -c conftest.c -o conftest2.o
configure:3597: $? = 0
configure:3594: gcc -c conftest.c -o conftest2.o
configure:3597: $? = 0
configure:3609: result: yes
configure:3629: checking whether make supports the include directive
configure:3644: make -f confmf.GNU && cat confinc.out
this is the am__doit target
configure:3647: $? = 0
configure:3666: result: yes (GNU style)
configure:3691: checking dependency style of gcc
configure:3802: result: gcc3
configure:3827: checking how to run the C preprocessor
configure:3858: gcc -E  conftest.c
configure:3858: $? = 0
configure:3872: gcc -E  conftest.c
conftest.c:11:10: fatal error: ac_nonexistent.h: No such file or directory
   11 | #include <ac_nonexistent.h>
      |          ^~~~~~~~~~~~~~~~~~
compilation terminated.
configure:3872: $? = 1
configure: failed program was:
| /* confdefs.h */
| #define PACKAGE_NAME "GPP"
| #define PACKAGE_TARNAME "gpp"
| #define PACKAGE_VERSION "2.27"
| #define PACKAGE_STRING "GPP 2.27"
| #define PACKAGE_BUGREPORT "tristan@logological.org"
| #define PACKAGE_URL ""
| #define PACKAGE "gpp"
| #define VERSION "2.27"
| /* end confdefs.h.  */
| #include <ac_nonexistent.h>
configure:3897: result: gcc -E
configure:3917: gcc -E  conftest.c
configure:3917: $? = 0
configure:3931: gcc -E  conftest.c
conftest.c:11:10: fatal error: ac_nonexistent.h: No such file or directory
   11 | #include <ac_nonexistent.h>
      |          ^~~~~~~~~~~~~~~~~~
compilation terminated.
configure:3931: $? = 1
configure: failed program was:
| /* confdefs.h */
| #define PACKAGE_NAME "GPP"
| #define PACKAGE_TARNAME "gpp"
| #define PACKAGE_VERSION "2.27"
| #define PACKAGE_STRING "GPP 2.27"
| #define PACKAGE_BUGREPORT "tristan@logological.org"
| #define PACKAGE_URL ""
| #define PACKAGE "gpp"
| #define VERSION "2.27"
| /* end confdefs.h.  */
| #include <ac_nonexistent.h>
configure:3960: checking for grep that handles long lines and -e
configure:4018: result: /usr/bin/grep
configure:4023: checking for egrep
configure:4085: result: /usr/bin/grep -E
configure:4090: checking for ANSI C header files
configure:4110: gcc -c -g -O2  conftest.c >&5
configure:4110: $? = 0
configure:4183: gcc -o conftest -g -O2   conftest.c  >&5
configure:4183: $? = 0
configure:4183: ./conftest
configure:4183: $? = 0
configure:4194: result: yes
configure:4207: checking for sys/types.h
configure:4207: gcc -c -g -O2  conftest.c >&5
configure:4207: $? = 0
configure:4207: result: yes
configure:4207: checking for sys/stat.h
configure:4207: gcc -c -g -O2  conftest.c >&5
configure:4207: $? = 0
configure:4207: result: yes
configure:4207: checking for stdlib.h
configure:4207: gcc -c -g -O2  conftest.c >&5
configure:4207: $? = 0
configure:4207: result: yes
configure:4207: checking for string.h
configure:4207: gcc -c -g -O2  conftest.c >&5
configure:4207: $? = 0
configure:4207: result: yes
configure:4207: checking for memory.h
configure:4207: gcc -c -g -O2  conftest.c >&5
configure:4207: $? = 0
configure:4207: result: yes
configure:4207: checking for strings.h
configure:4207: gcc -c -g -O2  conftest.c >&5
configure:4207: $? = 0
configure:4207: result: yes
configure:4207: checking for inttypes.h
configure:4207: gcc -c -g -O2  conftest.c >&5
configure:4207: $? = 0
configure:4207: result: yes
configure:4207: checking for stdint.h
configure:4207: gcc -c -g -O2  conftest.c >&5
configure:4207: $? = 0
configure:4207: result: yes
configure:4207: checking for unistd.h
configure:4207: gcc -c -g -O2  conftest.c >&5
configure:4207: $? = 0
configure:4207: result: yes
configure:4222: checking for stdlib.h
configure:4222: result: yes
configure:4222: checking for string.h
configure:4222: result: yes
configure:4222: checking fnmatch.h usability
configure:4222: gcc -c -g -O2  conftest.c >&5
configure:4222: $? = 0
configure:4222: result: yes
configure:4222: checking fnmatch.h presence
configure:4222: gcc -E  conftest.c
configure:4222: $? = 0
configure:4222: result: yes
configure:4222: checking for fnmatch.h
configure:4222: result: yes
configure:4234: checking for an ANSI C-conforming const
configure:4300: gcc -c -g -O2  conftest.c >&5
configure:4300: $? = 0
configure:4307: result: yes
configure:4315: checking for inline
configure:4331: gcc -c -g -O2  conftest.c >&5
configure:4331: $? = 0
configure:4339: result: inline
configure:4357: checking for size_t
configure:4357: gcc -c -g -O2  conftest.c >&5
configure:4357: $? = 0
configure:4357: gcc -c -g -O2  conftest.c >&5
conftest.c: In function 'main':
conftest.c:60:21: error: expected expression before ')' token
   60 | if (sizeof ((size_t)))
      |                     ^
configure:4357: $? = 1
configure: failed program was:
| /* confdefs.h */
| #define PACKAGE_NAME "GPP"
| #define PACKAGE_TARNAME "gpp"
| #define PACKAGE_VERSION "2.27"
| #define PACKAGE_STRING "GPP 2.27"
| #define PACKAGE_BUGREPORT "tristan@logological.org"
| #define PACKAGE_URL ""
| #define PACKAGE "gpp"
| #define VERSION "2.27"
| #define STDC_HEADERS 1
| #define HAVE_SYS_TYPES_H 1
| #define HAVE_SYS_STAT_H 1
| #define HAVE_STDLIB_H 1
| #define HAVE_STRING_H 1
| #define HAVE_MEMORY_H 1
| #define HAVE_STRINGS_H 1
| #define HAVE_INTTYPES_H 1
| #define HAVE_STDINT_H 1
| #define HAVE_UNISTD_H 1
| #define HAVE_STDLIB_H 1
| #define HAVE_STRING_H 1
| #define HAVE_FNMATCH_H 1
| /* end confdefs.h.  */
| #include <stdio.h>
| #ifdef HAVE_SYS_TYPES_H
| # include <sys/types.h>
| #endif
| #ifdef HAVE_SYS_STAT_H
| # include <sys/stat.h>
| #endif
| #ifdef STDC_HEADERS
| # include <stdlib.h>
| # include <stddef.h>
| #else
| # ifdef HAVE_STDLIB_H
| #  include <stdlib.h>
| # endif
| #endif
| #ifdef HAVE_STRING_H
| # if !defined STDC_HEADERS && defined HAVE_MEMORY_H
| #  include <memory.h>
| # endif
| # include <string.h>
| #endif
| #ifdef HAVE_STRINGS_H
| # include <strings.h>
| #endif
| #ifdef HAVE_INTTYPES_H
| # include <inttypes.h>
| #endif
| #ifdef HAVE_STDINT_H
| # include <stdint.h>
| #endif
| #ifdef HAVE_UNISTD_H
| # include <unistd.h>
| #endif
| int
| main ()
| {
| if (sizeof ((size_t)))
| 	    return 0;
|   ;
|   return 0;
| }
configure:4357: result: yes
configure:4373: checking for strcasecmp
configure:4373: gcc -o conftest -g -O2   conftest.c  >&5
conftest.c:47:6: warning: conflicting types for built-in function 'strcasecmp'; expected 'int(const char *, const char *)' [-Wbuiltin-declaration-mismatch]
   47 | char strcasecmp ();
      |      ^~~~~~~~~~
configure:4373: $? = 0
configure:4373: result: yes
configure:4373: checking for strchr
configure:4373: gcc -o conftest -g -O2   conftest.c  >&5
conftest.c:48:6: warning: conflicting types for built-in function 'strchr'; expected 'char *(const char *, int)' [-Wbuiltin-declaration-mismatch]
   48 | char strchr ();
      |      ^~~~~~
conftest.c:36:1: note: 'strchr' is declared in header '<string.h>'
   35 | # include <limits.h>
   36 | #else
configure:4373: $? = 0
configure:4373: result: yes
configure:4373: checking for strdup
configure:4373: gcc -o conftest -g -O2   conftest.c  >&5
conftest.c:49:6: warning: conflicting types for built-in function 'strdup'; expected 'char *(const char *)' [-Wbuiltin-declaration-mismatch]
   49 | char strdup ();
      |      ^~~~~~
configure:4373: $? = 0
configure:4373: result: yes
configure:4373: checking for strtol
configure:4373: gcc -o conftest -g -O2   conftest.c  >&5
configure:4373: $? = 0
configure:4373: result: yes
configure:4373: checking for popen
configure:4373: gcc -o conftest -g -O2   conftest.c  >&5
configure:4373: $? = 0
configure:4373: result: yes
configure:4373: checking for pclose
configure:4373: gcc -o conftest -g -O2   conftest.c  >&5
configure:4373: $? = 0
configure:4373: result: yes
configure:4486: checking that generated files are newer than configure
configure:4492: result: done
configure:4515: creating ./config.status

## ---------------------- ##
## Running config.status. ##
## ---------------------- ##

This file was extended by GPP config.status 2.27, which was
generated by GNU Autoconf 2.69.  Invocation command line was

  CONFIG_FILES    = 
  CONFIG_HEADERS  = 
  CONFIG_LINKS    = 
  CONFIG_COMMANDS = 
  $ ./config.status 

on Yan-MateBookX-Xubuntu

config.status:859: creating Makefile
config.status:859: creating src/Makefile
config.status:859: creating doc/Makefile
config.status:859: creating config.h
config.status:1088: executing depfiles commands
config.status:1165: cd src       && sed -e '/# am--include-marker/d' Makefile         | make -f - am--depfiles
config.status:1170: $? = 0

## ---------------- ##
## Cache variables. ##
## ---------------- ##

ac_cv_c_compiler_gnu=yes
ac_cv_c_const=yes
ac_cv_c_inline=inline
ac_cv_env_CC_set=
ac_cv_env_CC_value=
ac_cv_env_CFLAGS_set=
ac_cv_env_CFLAGS_value=
ac_cv_env_CPPFLAGS_set=
ac_cv_env_CPPFLAGS_value=
ac_cv_env_CPP_set=
ac_cv_env_CPP_value=
ac_cv_env_LDFLAGS_set=
ac_cv_env_LDFLAGS_value=
ac_cv_env_LIBS_set=
ac_cv_env_LIBS_value=
ac_cv_env_build_alias_set=
ac_cv_env_build_alias_value=
ac_cv_env_host_alias_set=
ac_cv_env_host_alias_value=
ac_cv_env_target_alias_set=
ac_cv_env_target_alias_value=
ac_cv_func_pclose=yes
ac_cv_func_popen=yes
ac_cv_func_strcasecmp=yes
ac_cv_func_strchr=yes
ac_cv_func_strdup=yes
ac_cv_func_strtol=yes
ac_cv_header_fnmatch_h=yes
ac_cv_header_inttypes_h=yes
ac_cv_header_memory_h=yes
ac_cv_header_stdc=yes
ac_cv_header_stdint_h=yes
ac_cv_header_stdlib_h=yes
ac_cv_header_string_h=yes
ac_cv_header_strings_h=yes
ac_cv_header_sys_stat_h=yes
ac_cv_header_sys_types_h=yes
ac_cv_header_unistd_h=yes
ac_cv_objext=o
ac_cv_path_EGREP='/usr/bin/grep -E'
ac_cv_path_GREP=/usr/bin/grep
ac_cv_path_install='/usr/bin/install -c'
ac_cv_path_mkdir=/usr/bin/mkdir
ac_cv_prog_AWK=mawk
ac_cv_prog_CPP='gcc -E'
ac_cv_prog_ac_ct_CC=gcc
ac_cv_prog_cc_c89=
ac_cv_prog_cc_g=yes
ac_cv_prog_make_make_set=yes
ac_cv_type_size_t=yes
am_cv_CC_dependencies_compiler_type=gcc3
am_cv_make_support_nested_variables=yes
am_cv_prog_cc_c_o=yes

## ----------------- ##
## Output variables. ##
## ----------------- ##

ACLOCAL='${SHELL} /home/yanz/Project/gpp/missing aclocal-1.16'
AMDEPBACKSLASH='\'
AMDEP_FALSE='#'
AMDEP_TRUE=''
AMTAR='$${TAR-tar}'
AM_BACKSLASH='\'
AM_DEFAULT_V='$(AM_DEFAULT_VERBOSITY)'
AM_DEFAULT_VERBOSITY='1'
AM_V='$(V)'
AUTOCONF='${SHELL} /home/yanz/Project/gpp/missing autoconf'
AUTOHEADER='${SHELL} /home/yanz/Project/gpp/missing autoheader'
AUTOMAKE='${SHELL} /home/yanz/Project/gpp/missing automake-1.16'
AWK='mawk'
CC='gcc'
CCDEPMODE='depmode=gcc3'
CFLAGS='-g -O2'
CPP='gcc -E'
CPPFLAGS=''
CYGPATH_W='echo'
DEFS='-DHAVE_CONFIG_H'
DEPDIR='.deps'
ECHO_C=''
ECHO_N='-n'
ECHO_T=''
EGREP='/usr/bin/grep -E'
EXEEXT=''
GREP='/usr/bin/grep'
INSTALL_DATA='${INSTALL} -m 644'
INSTALL_PROGRAM='${INSTALL}'
INSTALL_SCRIPT='${INSTALL}'
INSTALL_STRIP_PROGRAM='$(install_sh) -c -s'
LDFLAGS=''
LIBOBJS=''
LIBS=''
LTLIBOBJS=''
MAKEINFO='${SHELL} /home/yanz/Project/gpp/missing makeinfo'
MKDIR_P='/usr/bin/mkdir -p'
OBJEXT='o'
PACKAGE='gpp'
PACKAGE_BUGREPORT='tristan@logological.org'
PACKAGE_NAME='GPP'
PACKAGE_STRING='GPP 2.27'
PACKAGE_TARNAME='gpp'
PACKAGE_URL=''
PACKAGE_VERSION='2.27'
PATH_SEPARATOR=':'
SET_MAKE=''
SHELL='/bin/bash'
STRIP=''
VERSION='2.27'
ac_ct_CC='gcc'
am__EXEEXT_FALSE=''
am__EXEEXT_TRUE='#'
am__fastdepCC_FALSE='#'
am__fastdepCC_TRUE=''
am__include='include'
am__isrc=''
am__leading_dot='.'
am__nodep='_no'
am__quote=''
am__tar='$${TAR-tar} chof - "$$tardir"'
am__untar='$${TAR-tar} xf -'
bindir='${exec_prefix}/bin'
build_alias=''
datadir='${datarootdir}'
datarootdir='${prefix}/share'
docdir='${datarootdir}/doc/${PACKAGE_TARNAME}'
dvidir='${docdir}'
exec_prefix='${prefix}'
host_alias=''
htmldir='${docdir}'
includedir='${prefix}/include'
infodir='${datarootdir}/info'
install_sh='${SHELL} /home/yanz/Project/gpp/install-sh'
libdir='${exec_prefix}/lib'
libexecdir='${exec_prefix}/libexec'
localedir='${datarootdir}/locale'
localstatedir='${prefix}/var'
mandir='${datarootdir}/man'
mkdir_p='$(MKDIR_P)'
oldincludedir='/usr/include'
pdfdir='${docdir}'
prefix='/usr/local'
program_transform_name='s,x,x,'
psdir='${docdir}'
sbindir='${exec_prefix}/sbin'
sharedstatedir='${prefix}/com'
sysconfdir='${prefix}/etc'
target_alias=''

## ----------- ##
## confdefs.h. ##
## ----------- ##

/* confdefs.h */
#define PACKAGE_NAME "GPP"
#define PACKAGE_TARNAME "gpp"
#define PACKAGE_VERSION "2.27"
#define PACKAGE_STRING "GPP 2.27"
#define PACKAGE_BUGREPORT "tristan@logological.org"
#define PACKAGE_URL ""
#define PACKAGE "gpp"
#define VERSION "2.27"
#define STDC_HEADERS 1
#define HAVE_SYS_TYPES_H 1
#define HAVE_SYS_STAT_H 1
#define HAVE_STDLIB_H 1
#define HAVE_STRING_H 1
#define HAVE_MEMORY_H 1
#define HAVE_STRINGS_H 1
#define HAVE_INTTYPES_H 1
#define HAVE_STDINT_H 1
#define HAVE_UNISTD_H 1
#define HAVE_STDLIB_H 1
#define HAVE_STRING_H 1
#define HAVE_FNMATCH_H 1
#define HAVE_STRCASECMP 1
#define HAVE_STRCHR 1
#define HAVE_STRDUP 1
#define HAVE_STRTOL 1
#define HAVE_POPEN 1
#define HAVE_PCLOSE 1

configure: exit 0
